[2024-01-02 17:22:12,302] multiqc                                            [DEBUG  ]  This is MultiQC v1.18
[2024-01-02 17:22:12,303] multiqc                                            [DEBUG  ]  Command used: /home/ivan/miniconda3/envs/quality/bin/multiqc .
[2024-01-02 17:22:14,521] multiqc                                            [WARNING]  MultiQC Version v1.19 now available!
[2024-01-02 17:22:14,521] multiqc                                            [DEBUG  ]  Working dir : /mnt/c/Users/User/Desktop/master/msc/results/0. Quality_control/fastqc
[2024-01-02 17:22:14,521] multiqc                                            [DEBUG  ]  Template    : default
[2024-01-02 17:22:14,521] multiqc                                            [DEBUG  ]  Running Python 3.11.6 | packaged by conda-forge | (main, Oct  3 2023, 10:40:35) [GCC 12.3.0]
[2024-01-02 17:22:14,521] multiqc                                            [DEBUG  ]  Analysing modules: custom_content, ccs, ngsderive, purple, conpair, lima, peddy, somalier, methylQA, mosdepth, phantompeakqualtools, qualimap, preseq, hifiasm, quast, qorts, rna_seqc, rockhopper, rsem, rseqc, busco, bustools, goleft_indexcov, gffcompare, disambiguate, supernova, deeptools, sargasso, verifybamid, mirtrace, happy, mirtop, sambamba, gopeaks, homer, hops, macs2, theta2, snpeff, gatk, htseq, bcftools, featureCounts, fgbio, dragen, dragen_fastqc, dedup, pbmarkdup, damageprofiler, mapdamage, biobambam2, jcvi, mtnucratio, picard, vep, bakta, prokka, qc3C, nanostat, samblaster, samtools, sexdeterrmine, seqera_cli, eigenstratdatabasetools, bamtools, jellyfish, vcftools, longranger, stacks, varscan2, snippy, umitools, truvari, bbmap, bismark, biscuit, diamond, hicexplorer, hicup, hicpro, salmon, kallisto, slamdunk, star, hisat2, tophat, bowtie2, bowtie1, cellranger, snpsplit, odgi, pangolin, nextclade, freyja, humid, kat, leehom, librarian, adapterRemoval, bbduk, clipandmerge, cutadapt, flexbar, sourmash, kaiju, bracken, kraken, malt, motus, trimmomatic, sickle, skewer, sortmerna, biobloomtools, fastq_screen, afterqc, fastp, fastqc, filtlong, prinseqplusplus, pychopper, porechop, pycoqc, minionqc, anglerfish, multivcfanalyzer, clusterflow, checkqc, bcl2fastq, bclconvert, interop, ivar, flash, seqyclean, optitype, whatshap, xenome, xengsort
[2024-01-02 17:22:14,521] multiqc                                            [DEBUG  ]  Using temporary directory for creating report: /tmp/tmp8uk5wjam
[2024-01-02 17:22:14,524] multiqc                                            [INFO   ]  Search path : /mnt/c/Users/User/Desktop/master/msc/results/0. Quality_control/fastqc
[2024-01-02 17:22:14,811] multiqc                                            [DEBUG  ]  Summary of files that were skipped by the search: [skipped_module_specific_max_filesize: 192] // [skipped_no_match: 16]
[2024-01-02 17:22:15,006] multiqc.plots.bargraph                             [DEBUG  ]  Using matplotlib version 3.8.2
[2024-01-02 17:22:15,007] multiqc.plots.linegraph                            [DEBUG  ]  Using matplotlib version 3.8.2
[2024-01-02 17:22:15,007] multiqc                                            [DEBUG  ]  No samples found: custom_content
[2024-01-02 17:22:15,715] multiqc.modules.fastqc.fastqc                      [INFO   ]  Found 16 reports
[2024-01-02 17:22:15,735] multiqc.utils.software_versions                    [DEBUG  ]  Reading software versions from config.software_versions
[2024-01-02 17:22:15,743] multiqc                                            [DEBUG  ]  Compressing plot data
[2024-01-02 17:22:15,820] multiqc                                            [INFO   ]  Report      : multiqc_report.html
[2024-01-02 17:22:15,820] multiqc                                            [INFO   ]  Data        : multiqc_data
[2024-01-02 17:22:15,821] multiqc                                            [DEBUG  ]  Moving data file from '/tmp/tmp8uk5wjam/multiqc_data' to '/mnt/c/Users/User/Desktop/master/msc/results/0. Quality_control/fastqc/multiqc_data'
[2024-01-02 17:22:15,858] multiqc                                            [DEBUG  ]  Full report path: /mnt/c/Users/User/Desktop/master/msc/results/0. Quality_control/fastqc/multiqc_report.html
[2024-01-02 17:22:15,904] multiqc                                            [INFO   ]  MultiQC complete
