Version:	1.2.10
Arguments Used:
-b	/media/ubuntu/project/PMA_ATAC/untreat_rep2.rmChrM.dedup.filter.bam
-i	/media/ubuntu/project/PMA_ATAC/untreat_rep2.rmChrM.dedup.filter.bam.bai
-g	/media/ubuntu/project/PMA_ATAC/size.genome
-e	/media/ubuntu/project/PMA_ATAC/hg38-blacklist.v2.bed
-o	/media/ubuntu/project/PMA_ATAC/untreat_rep2_peak
--removeDuplicates	false
--window	3000000
-mean	75,200,400,600
Fragment Expectation Maximum Done
Mean	75.0	StdDevs	20.0
Mean	189.78838541646905	StdDevs	50.57131404617519
Mean	374.13758577222495	StdDevs	42.16363053757141
Mean	571.0818320094667	StdDevs	86.09263338606885
ScalingFactor	27.310965
Training Regions found and Zscore regions for exclusion found
Training Fragment Pileup completed
Kmeans Model:
HMM with 3 state(s)

State 0
  Pi: 0.3333333333333333
  Aij: 0.333 0.333 0.333
  Opdf: Multi-variate Gaussian distribution --- Mean: [ 0.027 0.036 0.024 0.013 ]

State 1
  Pi: 0.3333333333333333
  Aij: 0.333 0.333 0.333
  Opdf: Multi-variate Gaussian distribution --- Mean: [ 0.157 0.23 0.148 0.079 ]

State 2
  Pi: 0.3333333333333333
  Aij: 0.333 0.333 0.333
  Opdf: Multi-variate Gaussian distribution --- Mean: [ 0.471 0.625 0.488 0.347 ]

Model created and refined. See /media/ubuntu/project/PMA_ATAC/untreat_rep2_peak.model
Model:
HMM with 3 state(s)

State 0
  Pi: 0.3333333333333333
  Aij: 0.968 0.028 0.004
  Opdf: Multi-variate Gaussian distribution --- Mean: [ 0 0 0 0 ]

State 1
  Pi: 0.3333333333333333
  Aij: 0.045 0.946 0.009
  Opdf: Multi-variate Gaussian distribution --- Mean: [ 0.108 0.161 0.036 0.005 ]

State 2
  Pi: 0.3333333333333333
  Aij: 0.007 0.01 0.984
  Opdf: Multi-variate Gaussian distribution --- Mean: [ 0.159 0.212 0.222 0.146 ]

Genome split and subtracted masked regions
0 round viterbi done
50 round viterbi done
100 round viterbi done
150 round viterbi done
200 round viterbi done
250 round viterbi done
300 round viterbi done
350 round viterbi done
450 round viterbi done
500 round viterbi done
550 round viterbi done
600 round viterbi done
650 round viterbi done
700 round viterbi done
750 round viterbi done
800 round viterbi done
850 round viterbi done
900 round viterbi done
950 round viterbi done
1000 round viterbi done
1050 round viterbi done
1100 round viterbi done
1150 round viterbi done
1200 round viterbi done
1250 round viterbi done
1300 round viterbi done
1350 round viterbi done
1450 round viterbi done
1500 round viterbi done
1550 round viterbi done
1600 round viterbi done
1650 round viterbi done
1700 round viterbi done
1750 round viterbi done
1800 round viterbi done
1850 round viterbi done
1900 round viterbi done
1919 round viterbi done
Total time (seconds)= 	2845
