Version:	1.2.10
Arguments Used:
-b	/media/ubuntu/project/PMA_ATAC/untreat_rep1.rmChrM.dedup.filter.bam
-i	/media/ubuntu/project/PMA_ATAC/untreat_rep1.rmChrM.dedup.filter.bam.bai
-g	/media/ubuntu/project/PMA_ATAC/size.genome
-e	/media/ubuntu/project/PMA_ATAC/hg38-blacklist.v2.bed
-o	/media/ubuntu/project/PMA_ATAC/untreat_rep1_peak
--removeDuplicates	false
--window	3000000
-mean	75,200,400,600
Fragment Expectation Maximum Done
Mean	75.0	StdDevs	20.0
Mean	193.48953579453968	StdDevs	50.71143702562957
Mean	380.23705605899875	StdDevs	43.23665256202949
Mean	579.8509902085359	StdDevs	88.8166088390376
ScalingFactor	33.854907
Training Regions found and Zscore regions for exclusion found
Training Fragment Pileup completed
Kmeans Model:
HMM with 3 state(s)

State 0
  Pi: 0.3333333333333333
  Aij: 0.333 0.333 0.333
  Opdf: Multi-variate Gaussian distribution --- Mean: [ 0.029 0.041 0.029 0.021 ]

State 1
  Pi: 0.3333333333333333
  Aij: 0.333 0.333 0.333
  Opdf: Multi-variate Gaussian distribution --- Mean: [ 0.143 0.22 0.185 0.12 ]

State 2
  Pi: 0.3333333333333333
  Aij: 0.333 0.333 0.333
  Opdf: Multi-variate Gaussian distribution --- Mean: [ 0.498 0.664 0.548 0.428 ]

Model created and refined. See /media/ubuntu/project/PMA_ATAC/untreat_rep1_peak.model
Model:
HMM with 3 state(s)

State 0
  Pi: 0.3333333333333333
  Aij: 0.967 0.027 0.006
  Opdf: Multi-variate Gaussian distribution --- Mean: [ 0 0 0 0 ]

State 1
  Pi: 0.3333333333333333
  Aij: 0.04 0.949 0.011
  Opdf: Multi-variate Gaussian distribution --- Mean: [ 0.089 0.144 0.042 0.007 ]

State 2
  Pi: 0.3333333333333333
  Aij: 0.006 0.008 0.986
  Opdf: Multi-variate Gaussian distribution --- Mean: [ 0.14 0.192 0.207 0.162 ]

Genome split and subtracted masked regions
0 round viterbi done
50 round viterbi done
100 round viterbi done
150 round viterbi done
200 round viterbi done
250 round viterbi done
300 round viterbi done
350 round viterbi done
450 round viterbi done
500 round viterbi done
550 round viterbi done
600 round viterbi done
650 round viterbi done
700 round viterbi done
750 round viterbi done
800 round viterbi done
850 round viterbi done
900 round viterbi done
950 round viterbi done
1050 round viterbi done
1100 round viterbi done
1150 round viterbi done
1200 round viterbi done
1250 round viterbi done
1300 round viterbi done
1350 round viterbi done
1450 round viterbi done
1500 round viterbi done
1550 round viterbi done
1600 round viterbi done
1650 round viterbi done
1750 round viterbi done
1800 round viterbi done
1850 round viterbi done
1900 round viterbi done
1943 round viterbi done
Total time (seconds)= 	3440
