[2022-07-04 20:18:24.714] [jointLog] [info] setting maxHashResizeThreads to 5
[2022-07-04 20:18:24.714] [jointLog] [info] Fragment incompatibility prior below threshold.  Incompatible fragments will be ignored.
[2022-07-04 20:18:24.714] [jointLog] [info] Usage of --validateMappings implies use of minScoreFraction. Since not explicitly specified, it is being set to 0.65
[2022-07-04 20:18:24.714] [jointLog] [info] Setting consensusSlack to selective-alignment default of 0.35.
[2022-07-04 20:18:24.714] [jointLog] [info] parsing read library format
[2022-07-04 20:18:24.714] [jointLog] [info] There is 1 library.
[2022-07-04 20:18:24.716] [jointLog] [info] Loading pufferfish index
[2022-07-04 20:18:24.723] [jointLog] [info] Loading dense pufferfish index.
[2022-07-04 20:19:03.184] [jointLog] [info] done
[2022-07-04 20:19:03.341] [jointLog] [info] Index contained 245,339 targets
[2022-07-04 20:19:07.347] [jointLog] [info] Number of decoys : 78
[2022-07-04 20:19:07.348] [jointLog] [info] First decoy index : 245,220 
[2022-07-04 20:19:08.911] [jointLog] [info] Automatically detected most likely library type as ISF

[2022-07-04 20:39:14.423] [jointLog] [info] Thread saw mini-batch with a maximum of 2.78% zero probability fragments
[2022-07-04 20:39:14.472] [jointLog] [info] Thread saw mini-batch with a maximum of 2.76% zero probability fragments
[2022-07-04 20:39:14.605] [jointLog] [info] Thread saw mini-batch with a maximum of 2.88% zero probability fragments
[2022-07-04 20:39:14.616] [jointLog] [info] Thread saw mini-batch with a maximum of 2.76% zero probability fragments
[2022-07-04 20:39:14.709] [jointLog] [info] Thread saw mini-batch with a maximum of 2.76% zero probability fragments
[2022-07-04 20:39:15.091] [fileLog] [info] 
At end of round 0
==================
Observed 70673497 total fragments (70673497 in most recent round)

[2022-07-04 20:39:15.091] [jointLog] [info] Computed 460,758 rich equivalence classes for further processing
[2022-07-04 20:39:15.091] [jointLog] [info] Counted 41,397,839 total reads in the equivalence classes 
[2022-07-04 20:39:15.094] [jointLog] [info] Number of orphans recovered using orphan rescue : 4,033,777
[2022-07-04 20:39:15.094] [jointLog] [info] Number of mappings discarded because of alignment score : 83,500,701
[2022-07-04 20:39:15.094] [jointLog] [info] Number of fragments entirely discarded because of alignment score : 8,622,134
[2022-07-04 20:39:15.094] [jointLog] [info] Number of fragments discarded because they are best-mapped to decoys : 701,533
[2022-07-04 20:39:15.094] [jointLog] [info] Number of fragments discarded because they have only dovetail (discordant) mappings to valid targets : 4,509,886
[2022-07-04 20:39:15.094] [jointLog] [info] Mapping rate = 58.5762%

[2022-07-04 20:39:15.094] [jointLog] [info] finished quantifyLibrary()
[2022-07-04 20:39:15.114] [jointLog] [info] Starting optimizer
[2022-07-04 20:39:20.484] [jointLog] [info] Marked 0 weighted equivalence classes as degenerate
[2022-07-04 20:39:20.513] [jointLog] [info] iteration = 0 | max rel diff. = 2889.85
[2022-07-04 20:39:20.806] [jointLog] [info] iteration 11, adjusting effective lengths to account for biases
[2022-07-04 20:40:59.062] [jointLog] [info] Computed expected counts (for bias correction)
[2022-07-04 20:40:59.185] [jointLog] [info] processed bias for 0.0% of the transcripts
[2022-07-04 20:41:09.518] [jointLog] [info] processed bias for 10.0% of the transcripts
[2022-07-04 20:41:19.691] [jointLog] [info] processed bias for 20.0% of the transcripts
[2022-07-04 20:41:30.361] [jointLog] [info] processed bias for 30.0% of the transcripts
[2022-07-04 20:41:40.496] [jointLog] [info] processed bias for 40.0% of the transcripts
[2022-07-04 20:41:50.535] [jointLog] [info] processed bias for 50.0% of the transcripts
[2022-07-04 20:42:00.777] [jointLog] [info] processed bias for 60.0% of the transcripts
[2022-07-04 20:42:10.285] [jointLog] [info] processed bias for 70.0% of the transcripts
[2022-07-04 20:42:20.363] [jointLog] [info] processed bias for 80.0% of the transcripts
[2022-07-04 20:42:30.462] [jointLog] [info] processed bias for 90.0% of the transcripts
[2022-07-04 20:42:41.231] [jointLog] [info] processed bias for 100.0% of the transcripts
[2022-07-04 20:42:43.844] [jointLog] [info] iteration = 100 | max rel diff. = 16.6017
[2022-07-04 20:42:46.755] [jointLog] [info] iteration = 200 | max rel diff. = 10.0435
[2022-07-04 20:42:49.662] [jointLog] [info] iteration = 300 | max rel diff. = 6.29858
[2022-07-04 20:42:52.566] [jointLog] [info] iteration = 400 | max rel diff. = 4.02476
[2022-07-04 20:42:55.479] [jointLog] [info] iteration = 500 | max rel diff. = 0.265406
[2022-07-04 20:42:58.374] [jointLog] [info] iteration = 600 | max rel diff. = 1.72181
[2022-07-04 20:43:01.291] [jointLog] [info] iteration = 700 | max rel diff. = 0.519457
[2022-07-04 20:43:04.196] [jointLog] [info] iteration = 800 | max rel diff. = 1.13785
[2022-07-04 20:43:07.106] [jointLog] [info] iteration = 900 | max rel diff. = 0.426379
[2022-07-04 20:43:10.001] [jointLog] [info] iteration = 1,000 | max rel diff. = 0.313112
[2022-07-04 20:43:12.896] [jointLog] [info] iteration = 1,100 | max rel diff. = 0.250443
[2022-07-04 20:43:15.804] [jointLog] [info] iteration = 1,200 | max rel diff. = 0.0356242
[2022-07-04 20:43:18.710] [jointLog] [info] iteration = 1,300 | max rel diff. = 0.0862206
[2022-07-04 20:43:21.618] [jointLog] [info] iteration = 1,400 | max rel diff. = 0.121507
[2022-07-04 20:43:21.877] [jointLog] [info] iteration = 1,410 | max rel diff. = 0.00720134
[2022-07-04 20:43:21.909] [jointLog] [info] Finished optimizer
[2022-07-04 20:43:21.909] [jointLog] [info] writing output 

