Version:	1.2.10
Arguments Used:
-b	/home/studentsgh129/Downloads/bowtie2/treat_rep1.rmChrM.dedup.filter.bam
-i	/home/studentsgh129/Downloads/bowtie2/treat_rep1.rmChrM.dedup.filter.bam.bai
-g	/home/studentsgh129/Downloads/bowtie2/size.genome
--means	75,200,400,600
--window	1000000
--removeDuplicates	false
-o	/home/studentsgh129/Downloads/bowtie2/treat_rep1_peaks
-e	/home/studentsgh129/Downloads/bowtie2/hg38-blacklist.v2.bed
Fragment Expectation Maximum Done
Mean	75.0	StdDevs	20.0
Mean	189.65415617701228	StdDevs	50.96052944406193
Mean	376.66331088480365	StdDevs	43.41093495605095
Mean	574.7132905615376	StdDevs	86.90087696559367
ScalingFactor	49.667571
Training Regions found and Zscore regions for exclusion found
Training Fragment Pileup completed
Kmeans Model:
HMM with 3 state(s)

State 0
  Pi: 0.3333333333333333
  Aij: 0,333 0,333 0,333
  Opdf: Multi-variate Gaussian distribution --- Mean: [ 0,043 0,066 0,042 0,024 ]

State 1
  Pi: 0.3333333333333333
  Aij: 0,333 0,333 0,333
  Opdf: Multi-variate Gaussian distribution --- Mean: [ 0,192 0,271 0,216 0,139 ]

State 2
  Pi: 0.3333333333333333
  Aij: 0,333 0,333 0,333
  Opdf: Multi-variate Gaussian distribution --- Mean: [ 0,594 0,763 0,596 0,436 ]

Model created and refined. See /home/studentsgh129/Downloads/bowtie2/treat_rep1_peaks.model
Model:
HMM with 3 state(s)

State 0
  Pi: 0.3333333333333333
  Aij: 0,954 0,039 0,006
  Opdf: Multi-variate Gaussian distribution --- Mean: [ 0 0 0 0 ]

State 1
  Pi: 0.3333333333333333
  Aij: 0,036 0,952 0,012
  Opdf: Multi-variate Gaussian distribution --- Mean: [ 0,082 0,13 0,032 0,005 ]

State 2
  Pi: 0.3333333333333333
  Aij: 0,004 0,009 0,987
  Opdf: Multi-variate Gaussian distribution --- Mean: [ 0,147 0,201 0,194 0,133 ]

Genome split and subtracted masked regions
0 round viterbi done
50 round viterbi done
100 round viterbi done
150 round viterbi done
200 round viterbi done
250 round viterbi done
300 round viterbi done
350 round viterbi done
400 round viterbi done
450 round viterbi done
500 round viterbi done
550 round viterbi done
600 round viterbi done
650 round viterbi done
700 round viterbi done
750 round viterbi done
800 round viterbi done
850 round viterbi done
900 round viterbi done
1000 round viterbi done
1050 round viterbi done
1100 round viterbi done
1150 round viterbi done
1200 round viterbi done
1250 round viterbi done
1300 round viterbi done
1350 round viterbi done
1400 round viterbi done
1450 round viterbi done
1500 round viterbi done
1550 round viterbi done
1600 round viterbi done
1650 round viterbi done
1700 round viterbi done
1750 round viterbi done
1800 round viterbi done
1850 round viterbi done
1900 round viterbi done
1950 round viterbi done
2000 round viterbi done
2100 round viterbi done
2150 round viterbi done
2200 round viterbi done
2250 round viterbi done
2300 round viterbi done
2350 round viterbi done
2400 round viterbi done
2450 round viterbi done
2500 round viterbi done
2550 round viterbi done
2600 round viterbi done
2650 round viterbi done
2700 round viterbi done
2750 round viterbi done
2800 round viterbi done
2850 round viterbi done
2900 round viterbi done
3000 round viterbi done
3050 round viterbi done
3100 round viterbi done
3200 round viterbi done
3250 round viterbi done
3300 round viterbi done
3350 round viterbi done
3400 round viterbi done
3450 round viterbi done
3500 round viterbi done
3550 round viterbi done
3600 round viterbi done
3650 round viterbi done
3700 round viterbi done
3750 round viterbi done
3850 round viterbi done
3900 round viterbi done
3950 round viterbi done
4000 round viterbi done
4038 round viterbi done
Total time (seconds)= 	4086
