[2023-11-23 16:14:52,117] multiqc                                            [DEBUG  ]  This is MultiQC v1.18
[2023-11-23 16:14:52,118] multiqc                                            [DEBUG  ]  Command used: /home/ivan/miniconda3/envs/quality/bin/multiqc .
[2023-11-23 16:14:54,369] multiqc                                            [DEBUG  ]  Latest MultiQC version is v1.17
[2023-11-23 16:14:54,369] multiqc                                            [DEBUG  ]  Working dir : /mnt/f/Dissertation/0.Quality_control/Input/Sup
[2023-11-23 16:14:54,369] multiqc                                            [DEBUG  ]  Template    : default
[2023-11-23 16:14:54,369] multiqc                                            [DEBUG  ]  Running Python 3.11.6 | packaged by conda-forge | (main, Oct  3 2023, 10:40:35) [GCC 12.3.0]
[2023-11-23 16:14:54,369] multiqc                                            [DEBUG  ]  Analysing modules: custom_content, ccs, ngsderive, purple, conpair, lima, peddy, somalier, methylQA, mosdepth, phantompeakqualtools, qualimap, preseq, hifiasm, quast, qorts, rna_seqc, rockhopper, rsem, rseqc, busco, bustools, goleft_indexcov, gffcompare, disambiguate, supernova, deeptools, sargasso, verifybamid, mirtrace, happy, mirtop, sambamba, gopeaks, homer, hops, macs2, theta2, snpeff, gatk, htseq, bcftools, featureCounts, fgbio, dragen, dragen_fastqc, dedup, pbmarkdup, damageprofiler, mapdamage, biobambam2, jcvi, mtnucratio, picard, vep, bakta, prokka, qc3C, nanostat, samblaster, samtools, sexdeterrmine, seqera_cli, eigenstratdatabasetools, bamtools, jellyfish, vcftools, longranger, stacks, varscan2, snippy, umitools, truvari, bbmap, bismark, biscuit, diamond, hicexplorer, hicup, hicpro, salmon, kallisto, slamdunk, star, hisat2, tophat, bowtie2, bowtie1, cellranger, snpsplit, odgi, pangolin, nextclade, freyja, humid, kat, leehom, librarian, adapterRemoval, bbduk, clipandmerge, cutadapt, flexbar, sourmash, kaiju, bracken, kraken, malt, motus, trimmomatic, sickle, skewer, sortmerna, biobloomtools, fastq_screen, afterqc, fastp, fastqc, filtlong, prinseqplusplus, pychopper, porechop, pycoqc, minionqc, anglerfish, multivcfanalyzer, clusterflow, checkqc, bcl2fastq, bclconvert, interop, ivar, flash, seqyclean, optitype, whatshap, xenome, xengsort
[2023-11-23 16:14:54,370] multiqc                                            [DEBUG  ]  Using temporary directory for creating report: /tmp/tmpqdyiz75v
[2023-11-23 16:14:54,372] multiqc                                            [INFO   ]  Search path : /mnt/f/Dissertation/0.Quality_control/Input/Sup
[2023-11-23 16:14:54,671] multiqc                                            [DEBUG  ]  Summary of files that were skipped by the search: [skipped_module_specific_max_filesize: 194] // [skipped_no_match: 22]
[2023-11-23 16:14:54,865] multiqc.plots.bargraph                             [DEBUG  ]  Using matplotlib version 3.8.2
[2023-11-23 16:14:54,865] multiqc.plots.linegraph                            [DEBUG  ]  Using matplotlib version 3.8.2
[2023-11-23 16:14:54,866] multiqc                                            [DEBUG  ]  No samples found: custom_content
[2023-11-23 16:14:55,617] multiqc.modules.fastqc.fastqc                      [INFO   ]  Found 22 reports
[2023-11-23 16:14:55,641] multiqc.utils.software_versions                    [DEBUG  ]  Reading software versions from config.software_versions
[2023-11-23 16:14:55,650] multiqc                                            [DEBUG  ]  Compressing plot data
[2023-11-23 16:14:55,764] multiqc                                            [INFO   ]  Report      : multiqc_report.html
[2023-11-23 16:14:55,765] multiqc                                            [INFO   ]  Data        : multiqc_data
[2023-11-23 16:14:55,765] multiqc                                            [DEBUG  ]  Moving data file from '/tmp/tmpqdyiz75v/multiqc_data' to '/mnt/f/Dissertation/0.Quality_control/Input/Sup/multiqc_data'
[2023-11-23 16:14:56,154] multiqc                                            [DEBUG  ]  Full report path: /mnt/f/Dissertation/0.Quality_control/Input/Sup/multiqc_report.html
[2023-11-23 16:14:56,216] multiqc                                            [INFO   ]  MultiQC complete
