[2022-07-04 17:56:26.458] [jointLog] [info] setting maxHashResizeThreads to 5
[2022-07-04 17:56:26.458] [jointLog] [info] Fragment incompatibility prior below threshold.  Incompatible fragments will be ignored.
[2022-07-04 17:56:26.458] [jointLog] [info] Usage of --validateMappings implies use of minScoreFraction. Since not explicitly specified, it is being set to 0.65
[2022-07-04 17:56:26.458] [jointLog] [info] Setting consensusSlack to selective-alignment default of 0.35.
[2022-07-04 17:56:26.458] [jointLog] [info] parsing read library format
[2022-07-04 17:56:26.458] [jointLog] [info] There is 1 library.
[2022-07-04 17:56:26.460] [jointLog] [info] Loading pufferfish index
[2022-07-04 17:56:26.460] [jointLog] [info] Loading dense pufferfish index.
[2022-07-04 17:56:29.212] [jointLog] [info] done
[2022-07-04 17:56:29.513] [jointLog] [info] Index contained 245,339 targets
[2022-07-04 17:56:34.188] [jointLog] [info] Number of decoys : 78
[2022-07-04 17:56:34.188] [jointLog] [info] First decoy index : 245,220 
[2022-07-04 17:56:41.378] [jointLog] [info] Automatically detected most likely library type as ISF

[2022-07-04 18:29:30.047] [jointLog] [info] Thread saw mini-batch with a maximum of 3.18% zero probability fragments
[2022-07-04 18:29:30.266] [jointLog] [info] Thread saw mini-batch with a maximum of 3.10% zero probability fragments
[2022-07-04 18:29:30.323] [jointLog] [info] Thread saw mini-batch with a maximum of 3.04% zero probability fragments
[2022-07-04 18:29:30.392] [jointLog] [info] Thread saw mini-batch with a maximum of 3.10% zero probability fragments
[2022-07-04 18:29:30.433] [jointLog] [info] Thread saw mini-batch with a maximum of 3.10% zero probability fragments
[2022-07-04 18:29:31.151] [jointLog] [info] Computed 527,713 rich equivalence classes for further processing
[2022-07-04 18:29:31.151] [jointLog] [info] Counted 44,201,762 total reads in the equivalence classes 
[2022-07-04 18:29:31.159] [jointLog] [info] Number of orphans recovered using orphan rescue : 3,475,050
[2022-07-04 18:29:31.159] [jointLog] [info] Number of mappings discarded because of alignment score : 84,622,659
[2022-07-04 18:29:31.159] [jointLog] [info] Number of fragments entirely discarded because of alignment score : 8,473,721
[2022-07-04 18:29:31.159] [jointLog] [info] Number of fragments discarded because they are best-mapped to decoys : 974,258
[2022-07-04 18:29:31.159] [jointLog] [info] Number of fragments discarded because they have only dovetail (discordant) mappings to valid targets : 2,824,551
[2022-07-04 18:29:31.159] [jointLog] [info] Mapping rate = 57.2428%

[2022-07-04 18:29:31.159] [jointLog] [info] finished quantifyLibrary()
[2022-07-04 18:29:31.152] [fileLog] [info] 
At end of round 0
==================
Observed 77218057 total fragments (77218057 in most recent round)

[2022-07-04 18:29:31.774] [jointLog] [info] Starting optimizer
[2022-07-04 18:29:38.165] [jointLog] [info] Marked 0 weighted equivalence classes as degenerate
[2022-07-04 18:29:38.203] [jointLog] [info] iteration = 0 | max rel diff. = 2080.26
[2022-07-04 18:29:38.578] [jointLog] [info] iteration 11, adjusting effective lengths to account for biases
[2022-07-04 18:31:55.585] [jointLog] [info] Computed expected counts (for bias correction)
[2022-07-04 18:31:55.701] [jointLog] [info] processed bias for 0.0% of the transcripts
[2022-07-04 18:32:11.061] [jointLog] [info] processed bias for 10.0% of the transcripts
[2022-07-04 18:32:24.643] [jointLog] [info] processed bias for 20.0% of the transcripts
[2022-07-04 18:32:39.707] [jointLog] [info] processed bias for 30.0% of the transcripts
[2022-07-04 18:33:10.777] [jointLog] [info] processed bias for 40.0% of the transcripts
[2022-07-04 18:33:41.383] [jointLog] [info] processed bias for 50.0% of the transcripts
[2022-07-04 18:34:10.934] [jointLog] [info] processed bias for 60.0% of the transcripts
[2022-07-04 18:34:40.103] [jointLog] [info] processed bias for 70.0% of the transcripts
[2022-07-04 18:35:11.628] [jointLog] [info] processed bias for 80.0% of the transcripts
[2022-07-04 18:35:41.186] [jointLog] [info] processed bias for 90.0% of the transcripts
[2022-07-04 18:36:11.837] [jointLog] [info] processed bias for 100.0% of the transcripts
[2022-07-04 18:36:19.041] [jointLog] [info] iteration = 100 | max rel diff. = 19.3676
[2022-07-04 18:36:26.995] [jointLog] [info] iteration = 200 | max rel diff. = 12.1461
[2022-07-04 18:36:34.964] [jointLog] [info] iteration = 300 | max rel diff. = 2.2035
[2022-07-04 18:36:42.933] [jointLog] [info] iteration = 400 | max rel diff. = 0.545326
[2022-07-04 18:36:50.922] [jointLog] [info] iteration = 500 | max rel diff. = 0.644157
[2022-07-04 18:36:58.888] [jointLog] [info] iteration = 600 | max rel diff. = 3.88358
[2022-07-04 18:37:06.861] [jointLog] [info] iteration = 700 | max rel diff. = 0.383549
[2022-07-04 18:37:14.844] [jointLog] [info] iteration = 800 | max rel diff. = 16.5307
[2022-07-04 18:37:22.778] [jointLog] [info] iteration = 900 | max rel diff. = 0.242238
[2022-07-04 18:37:30.745] [jointLog] [info] iteration = 1,000 | max rel diff. = 0.0524736
[2022-07-04 18:37:38.733] [jointLog] [info] iteration = 1,100 | max rel diff. = 2.2705
[2022-07-04 18:37:46.687] [jointLog] [info] iteration = 1,200 | max rel diff. = 0.0697024
[2022-07-04 18:37:54.677] [jointLog] [info] iteration = 1,300 | max rel diff. = 0.0573383
[2022-07-04 18:38:02.650] [jointLog] [info] iteration = 1,400 | max rel diff. = 0.214084
[2022-07-04 18:38:10.617] [jointLog] [info] iteration = 1,500 | max rel diff. = 0.0201345
[2022-07-04 18:38:18.595] [jointLog] [info] iteration = 1,600 | max rel diff. = 0.0190015
[2022-07-04 18:38:23.792] [jointLog] [info] iteration = 1,666 | max rel diff. = 0.00820179
[2022-07-04 18:38:23.860] [jointLog] [info] Finished optimizer
[2022-07-04 18:38:23.860] [jointLog] [info] writing output 

